<?xml version="1.0" encoding="UTF-8"?>
<testng-results ignored="0" total="2" passed="2" failed="0" skipped="0">
  <reporter-output>
  </reporter-output>
  <suite started-at="2023-11-06T13:58:20 IST" name="Suite" finished-at="2023-11-06T13:58:26 IST" duration-ms="5855">
    <groups>
    </groups>
    <test started-at="2023-11-06T13:58:20 IST" name="Test" finished-at="2023-11-06T13:58:26 IST" duration-ms="5855">
      <class name="com.SampleTest.sampleTest.Sample_Test">
        <test-method signature="Test1()[pri:0, instance:com.SampleTest.sampleTest.Sample_Test@2892d68]" started-at="2023-11-06T13:58:20 IST" name="Test1" finished-at="2023-11-06T13:58:23 IST" duration-ms="3502" status="PASS">
          <reporter-output>
          </reporter-output>
        </test-method> <!-- Test1 -->
        <test-method signature="Test2()[pri:0, instance:com.SampleTest.sampleTest.Sample_Test@2892d68]" started-at="2023-11-06T13:58:23 IST" name="Test2" finished-at="2023-11-06T13:58:26 IST" duration-ms="2324" status="PASS">
          <reporter-output>
          </reporter-output>
        </test-method> <!-- Test2 -->
      </class> <!-- com.SampleTest.sampleTest.Sample_Test -->
    </test> <!-- Test -->
  </suite> <!-- Suite -->
</testng-results>
